Sun Feb 11 11:44:25 2024       
+---------------------------------------------------------------------------------------+
| NVIDIA-SMI 545.29.06              Driver Version: 545.29.06    CUDA Version: 12.3     |
|-----------------------------------------+----------------------+----------------------+
| GPU  Name                 Persistence-M | Bus-Id        Disp.A | Volatile Uncorr. ECC |
| Fan  Temp   Perf          Pwr:Usage/Cap |         Memory-Usage | GPU-Util  Compute M. |
|                                         |                      |               MIG M. |
|=========================================+======================+======================|
|   0  NVIDIA L40                     Off | 00000000:28:00.0 Off |                    0 |
| N/A   32C    P8              34W / 300W |      4MiB / 46068MiB |      0%      Default |
|                                         |                      |                  N/A |
+-----------------------------------------+----------------------+----------------------+
                                                                                         
+---------------------------------------------------------------------------------------+
| Processes:                                                                            |
|  GPU   GI   CI        PID   Type   Process name                            GPU Memory |
|        ID   ID                                                             Usage      |
|=======================================================================================|
|  No running processes found                                                           |
+---------------------------------------------------------------------------------------+
slurmstepd: error: *** JOB 33066484 ON g020 CANCELLED AT 2024-02-11T19:44:46 DUE TO TIME LIMIT ***
kill: (985493): No such process
